<?xml version="1.0" encoding="UTF-8"?>
<!-- Generated by org.testng.reporters.JUnitXMLReporter -->
<testsuite hostname="PersonalPC" name="Test" tests="3" failures="1" timestamp="28 May 2018 20:47:35 GMT" time="145.431" errors="0">
  <testcase name="get4thPrice" time="35.059" classname="SearchTestCases.SearchFlightTests"/>
  <testcase name="get5thPrice" time="27.124" classname="SearchTestCases.SearchFlightTests">
    <failure type="org.openqa.selenium.WebDriverException" message="Element is not clickable at point (854.5, 537.2999877929688). Other element would receive the click: &amp;lt;span class=&amp;quot;ui-state-default&amp;quot;&amp;gt;&amp;lt;/span&amp;gt;
Command duration or timeout: 200 milliseconds
Build info: version: &amp;apos;2.53.1&amp;apos;, revision: &amp;apos;a36b8b1cd5757287168e54b817830adce9b0158d&amp;apos;, time: &amp;apos;2016-06-30 19:26:09&amp;apos;
System info: host: &amp;apos;PersonalPC&amp;apos;, ip: &amp;apos;192.168.1.195&amp;apos;, os.name: &amp;apos;Windows 8.1&amp;apos;, os.arch: &amp;apos;amd64&amp;apos;, os.version: &amp;apos;6.3&amp;apos;, java.version: &amp;apos;1.8.0_31&amp;apos;
Driver info: org.openqa.selenium.firefox.FirefoxDriver
Capabilities [{applicationCacheEnabled=true, rotatable=false, handlesAlerts=true, databaseEnabled=true, version=47.0.2, platform=WINDOWS, nativeEvents=false, acceptSslCerts=true, webStorageEnabled=true, locationContextEnabled=false, browserName=firefox, takesScreenshot=true, javascriptEnabled=true, cssSelectorsEnabled=true}]
Session ID: bd437f2b-136e-41c9-ab13-283f78b271a2">
      <![CDATA[org.openqa.selenium.WebDriverException: Element is not clickable at point (854.5, 537.2999877929688). Other element would receive the click: <span class="ui-state-default"></span>
Command duration or timeout: 200 milliseconds
Build info: version: '2.53.1', revision: 'a36b8b1cd5757287168e54b817830adce9b0158d', time: '2016-06-30 19:26:09'
System info: host: 'PersonalPC', ip: '192.168.1.195', os.name: 'Windows 8.1', os.arch: 'amd64', os.version: '6.3', java.version: '1.8.0_31'
Driver info: org.openqa.selenium.firefox.FirefoxDriver
Capabilities [{applicationCacheEnabled=true, rotatable=false, handlesAlerts=true, databaseEnabled=true, version=47.0.2, platform=WINDOWS, nativeEvents=false, acceptSslCerts=true, webStorageEnabled=true, locationContextEnabled=false, browserName=firefox, takesScreenshot=true, javascriptEnabled=true, cssSelectorsEnabled=true}]
Session ID: bd437f2b-136e-41c9-ab13-283f78b271a2
	at org.openqa.selenium.remote.ErrorHandler.createThrowable(ErrorHandler.java:206)
	at org.openqa.selenium.remote.ErrorHandler.throwIfResponseFailed(ErrorHandler.java:158)
	at org.openqa.selenium.remote.RemoteWebDriver.execute(RemoteWebDriver.java:678)
	at org.openqa.selenium.remote.RemoteWebElement.execute(RemoteWebElement.java:327)
	at org.openqa.selenium.remote.RemoteWebElement.click(RemoteWebElement.java:85)
	at org.openqa.selenium.support.pagefactory.internal.LocatingElementHandler.invoke(LocatingElementHandler.java:51)
	at com.sun.proxy.$Proxy7.click(Unknown Source)
	at PageObjects.SearchFlightsPage.clickSearchFlightsBtn(SearchFlightsPage.java:99)
	at SearchTestCases.SearchFlightTests.searchRoundTripFlight(SearchFlightTests.java:101)
	at SearchTestCases.SearchFlightTests.get5thPrice(SearchFlightTests.java:126)
... Removed 32 stack frames]]>
    </failure>
  </testcase> <!-- get5thPrice -->
  <testcase name="getLongestFlightWith1Stop" time="0.0" classname="SearchTestCases.SearchFlightTests">
    <skipped/>
  </testcase> <!-- getLongestFlightWith1Stop -->
</testsuite> <!-- Test -->
